# JRE version: OpenJDK Runtime Environment Temurin-17.0.7+7 (17.0.7+7) (build 17.0.7+7)
# Java VM: OpenJDK 64-Bit Server VM Temurin-17.0.7+7 (17.0.7+7, mixed mode, emulated-client, tiered, compressed oops, compressed class ptrs, g1 gc, windows-amd64)
GC Precious Log:
 CPUs: 8 total, 8 available
 Memory: 7863M
 Large Page Support: Disabled
 NUMA Support: Disabled
 Compressed Oops: Enabled (32-bit)
 Heap Region Size: 1M
 Heap Min Capacity: 8M
 Heap Initial Capacity: 124M
 Heap Max Capacity: 1G
 Pre-touch: Disabled
 Parallel Workers: 8
 Concurrent Workers: 2
 Concurrent Refinement Workers: 8
 Periodic GC: Disabled
Heap:
 garbage-first heap   total 290816K, used 114493K [0x00000000c0000000, 0x0000000100000000)
  region size 1024K, 6 young (6144K), 6 survivors (6144K)
 Metaspace       used 50539K, committed 51008K, reserved 1114112K
  class space    used 6257K, committed 6464K, reserved 1048576K
GC Heap History (20 events):
Event: 43.432 GC heap after
{Heap after GC invocations=22 (full 0):
 garbage-first heap   total 195584K, used 86162K [0x00000000c0000000, 0x0000000100000000)
  region size 1024K, 9 young (9216K), 9 survivors (9216K)
 Metaspace       used 50209K, committed 50688K, reserved 1114112K
  class space    used 6216K, committed 6400K, reserved 1048576K
}
Event: 43.761 GC heap before
{Heap before GC invocations=22 (full 0):
 garbage-first heap   total 195584K, used 86162K [0x00000000c0000000, 0x0000000100000000)
  region size 1024K, 10 young (10240K), 9 survivors (9216K)
 Metaspace       used 50209K, committed 50688K, reserved 1114112K
  class space    used 6216K, committed 6400K, reserved 1048576K
}
Event: 43.781 GC heap after
{Heap after GC invocations=23 (full 0):
 garbage-first heap   total 195584K, used 85852K [0x00000000c0000000, 0x0000000100000000)
  region size 1024K, 1 young (1024K), 1 survivors (1024K)
 Metaspace       used 50209K, committed 50688K, reserved 1114112K
  class space    used 6216K, committed 6400K, reserved 1048576K
}
Event: 43.953 GC heap before
{Heap before GC invocations=23 (full 0):
 garbage-first heap   total 195584K, used 136028K [0x00000000c0000000, 0x0000000100000000)
  region size 1024K, 51 young (52224K), 1 survivors (1024K)
 Metaspace       used 50320K, committed 50752K, reserved 1114112K
  class space    used 6228K, committed 6400K, reserved 1048576K
}
Event: 43.955 GC heap after
{Heap after GC invocations=24 (full 0):
 garbage-first heap   total 195584K, used 88274K [0x00000000c0000000, 0x0000000100000000)
  region size 1024K, 3 young (3072K), 3 survivors (3072K)
 Metaspace       used 50320K, committed 50752K, reserved 1114112K
  class space    used 6228K, committed 6400K, reserved 1048576K
}
Event: 43.991 GC heap before
{Heap before GC invocations=24 (full 0):
 garbage-first heap   total 195584K, used 141522K [0x00000000c0000000, 0x0000000100000000)
  region size 1024K, 56 young (57344K), 3 survivors (3072K)
 Metaspace       used 50320K, committed 50752K, reserved 1114112K
  class space    used 6228K, committed 6400K, reserved 1048576K
}
Event: 43.994 GC heap after
{Heap after GC invocations=25 (full 0):
 garbage-first heap   total 195584K, used 90395K [0x00000000c0000000, 0x0000000100000000)
  region size 1024K, 5 young (5120K), 5 survivors (5120K)
 Metaspace       used 50320K, committed 50752K, reserved 1114112K
  class space    used 6228K, committed 6400K, reserved 1048576K
}
Event: 44.020 GC heap before
{Heap before GC invocations=25 (full 0):
 garbage-first heap   total 195584K, used 145691K [0x00000000c0000000, 0x0000000100000000)
  region size 1024K, 60 young (61440K), 5 survivors (5120K)
 Metaspace       used 50320K, committed 50752K, reserved 1114112K
  class space    used 6228K, committed 6400K, reserved 1048576K
}
Event: 44.023 GC heap after
{Heap after GC invocations=26 (full 0):
 garbage-first heap   total 195584K, used 92692K [0x00000000c0000000, 0x0000000100000000)
  region size 1024K, 5 young (5120K), 5 survivors (5120K)
 Metaspace       used 50320K, committed 50752K, reserved 1114112K
  class space    used 6228K, committed 6400K, reserved 1048576K
}
Event: 44.049 GC heap before
{Heap before GC invocations=26 (full 0):
 garbage-first heap   total 195584K, used 151060K [0x00000000c0000000, 0x0000000100000000)
  region size 1024K, 63 young (64512K), 5 survivors (5120K)
 Metaspace       used 50320K, committed 50752K, reserved 1114112K
  class space    used 6228K, committed 6400K, reserved 1048576K
}
Event: 44.054 GC heap after
{Heap after GC invocations=27 (full 0):
 garbage-first heap   total 290816K, used 94978K [0x00000000c0000000, 0x0000000100000000)
  region size 1024K, 5 young (5120K), 5 survivors (5120K)
 Metaspace       used 50320K, committed 50752K, reserved 1114112K
  class space    used 6228K, committed 6400K, reserved 1048576K
}
Event: 44.128 GC heap before
{Heap before GC invocations=27 (full 0):
 garbage-first heap   total 290816K, used 224002K [0x00000000c0000000, 0x0000000100000000)
  region size 1024K, 132 young (135168K), 5 survivors (5120K)
 Metaspace       used 50320K, committed 50752K, reserved 1114112K
  class space    used 6228K, committed 6400K, reserved 1048576K
}
Event: 44.133 GC heap after
{Heap after GC invocations=28 (full 0):
 garbage-first heap   total 290816K, used 100128K [0x00000000c0000000, 0x0000000100000000)
  region size 1024K, 10 young (10240K), 10 survivors (10240K)
 Metaspace       used 50320K, committed 50752K, reserved 1114112K
  class space    used 6228K, committed 6400K, reserved 1048576K
}
Event: 44.194 GC heap before
{Heap before GC invocations=28 (full 0):
 garbage-first heap   total 290816K, used 231200K [0x00000000c0000000, 0x0000000100000000)
  region size 1024K, 139 young (142336K), 10 survivors (10240K)
 Metaspace       used 50320K, committed 50752K, reserved 1114112K
  class space    used 6229K, committed 6400K, reserved 1048576K
}
Event: 44.203 GC heap after
{Heap after GC invocations=29 (full 0):
 garbage-first heap   total 290816K, used 105707K [0x00000000c0000000, 0x0000000100000000)
  region size 1024K, 13 young (13312K), 13 survivors (13312K)
 Metaspace       used 50320K, committed 50752K, reserved 1114112K
  class space    used 6229K, committed 6400K, reserved 1048576K
}
Event: 44.357 GC heap before
{Heap before GC invocations=30 (full 0):
 garbage-first heap   total 290816K, used 233707K [0x00000000c0000000, 0x0000000100000000)
  region size 1024K, 140 young (143360K), 13 survivors (13312K)
 Metaspace       used 50539K, committed 51008K, reserved 1114112K
  class space    used 6257K, committed 6464K, reserved 1048576K
}
Event: 44.365 GC heap after
{Heap after GC invocations=31 (full 0):
 garbage-first heap   total 290816K, used 110213K [0x00000000c0000000, 0x0000000100000000)
  region size 1024K, 12 young (12288K), 12 survivors (12288K)
 Metaspace       used 50539K, committed 51008K, reserved 1114112K
  class space    used 6257K, committed 6464K, reserved 1048576K
}
Event: 44.367 GC heap before
{Heap before GC invocations=31 (full 0):
 garbage-first heap   total 290816K, used 111237K [0x00000000c0000000, 0x0000000100000000)
  region size 1024K, 14 young (14336K), 12 survivors (12288K)
 Metaspace       used 50539K, committed 51008K, reserved 1114112K
  class space    used 6257K, committed 6464K, reserved 1048576K
}
Event: 44.375 GC heap after
{Heap after GC invocations=32 (full 0):
 garbage-first heap   total 290816K, used 110865K [0x00000000c0000000, 0x0000000100000000)
  region size 1024K, 2 young (2048K), 2 survivors (2048K)
 Metaspace       used 50539K, committed 51008K, reserved 1114112K
  class space    used 6257K, committed 6464K, reserved 1048576K
}
Event: 44.441 GC heap before
{Heap before GC invocations=32 (full 0):
 garbage-first heap   total 290816K, used 237841K [0x00000000c0000000, 0x0000000100000000)
  region size 1024K, 127 young (130048K), 2 survivors (2048K)
 Metaspace       used 50539K, committed 51008K, reserved 1114112K
  class space    used 6257K, committed 6464K, reserved 1048576K
}

