# JRE version: OpenJDK Runtime Environment Temurin-17.0.7+7 (17.0.7+7) (build 17.0.7+7)
# Java VM: OpenJDK 64-Bit Server VM Temurin-17.0.7+7 (17.0.7+7, mixed mode, emulated-client, tiered, compressed oops, compressed class ptrs, g1 gc, windows-amd64)
GC Precious Log:
 CPUs: 8 total, 8 available
 Memory: 7863M
 Large Page Support: Disabled
 NUMA Support: Disabled
 Compressed Oops: Enabled (32-bit)
 Heap Region Size: 1M
 Heap Min Capacity: 8M
 Heap Initial Capacity: 124M
 Heap Max Capacity: 1G
 Pre-touch: Disabled
 Parallel Workers: 8
 Concurrent Workers: 2
 Concurrent Refinement Workers: 8
 Periodic GC: Disabled
Heap:
 garbage-first heap   total 392192K, used 131575K [0x00000000c0000000, 0x0000000100000000)
  region size 1024K, 17 young (17408K), 17 survivors (17408K)
 Metaspace       used 57722K, committed 58176K, reserved 1114112K
  class space    used 6997K, committed 7232K, reserved 1048576K
GC Heap History (20 events):
Event: 7.105 GC heap after
{Heap after GC invocations=21 (full 0):
 garbage-first heap   total 178176K, used 70338K [0x00000000c0000000, 0x0000000100000000)
  region size 1024K, 1 young (1024K), 1 survivors (1024K)
 Metaspace       used 50621K, committed 51072K, reserved 1114112K
  class space    used 6134K, committed 6336K, reserved 1048576K
}
Event: 8.038 GC heap before
{Heap before GC invocations=21 (full 0):
 garbage-first heap   total 178176K, used 122562K [0x00000000c0000000, 0x0000000100000000)
  region size 1024K, 53 young (54272K), 1 survivors (1024K)
 Metaspace       used 56854K, committed 57344K, reserved 1114112K
  class space    used 6877K, committed 7104K, reserved 1048576K
}
Event: 8.043 GC heap after
{Heap after GC invocations=22 (full 0):
 garbage-first heap   total 178176K, used 75019K [0x00000000c0000000, 0x0000000100000000)
  region size 1024K, 6 young (6144K), 6 survivors (6144K)
 Metaspace       used 56854K, committed 57344K, reserved 1114112K
  class space    used 6877K, committed 7104K, reserved 1048576K
}
Event: 8.146 GC heap before
{Heap before GC invocations=22 (full 0):
 garbage-first heap   total 178176K, used 129291K [0x00000000c0000000, 0x0000000100000000)
  region size 1024K, 58 young (59392K), 6 survivors (6144K)
 Metaspace       used 56957K, committed 57408K, reserved 1114112K
  class space    used 6889K, committed 7104K, reserved 1048576K
}
Event: 8.175 GC heap after
{Heap after GC invocations=23 (full 0):
 garbage-first heap   total 178176K, used 94400K [0x00000000c0000000, 0x0000000100000000)
  region size 1024K, 8 young (8192K), 8 survivors (8192K)
 Metaspace       used 56957K, committed 57408K, reserved 1114112K
  class space    used 6889K, committed 7104K, reserved 1048576K
}
Event: 8.190 GC heap before
{Heap before GC invocations=23 (full 0):
 garbage-first heap   total 178176K, used 131264K [0x00000000c0000000, 0x0000000100000000)
  region size 1024K, 45 young (46080K), 8 survivors (8192K)
 Metaspace       used 57068K, committed 57536K, reserved 1114112K
  class space    used 6902K, committed 7168K, reserved 1048576K
}
Event: 8.194 GC heap after
{Heap after GC invocations=24 (full 0):
 garbage-first heap   total 178176K, used 98130K [0x00000000c0000000, 0x0000000100000000)
  region size 1024K, 3 young (3072K), 3 survivors (3072K)
 Metaspace       used 57068K, committed 57536K, reserved 1114112K
  class space    used 6902K, committed 7168K, reserved 1048576K
}
Event: 8.218 GC heap before
{Heap before GC invocations=24 (full 0):
 garbage-first heap   total 178176K, used 136018K [0x00000000c0000000, 0x0000000100000000)
  region size 1024K, 41 young (41984K), 3 survivors (3072K)
 Metaspace       used 57068K, committed 57536K, reserved 1114112K
  class space    used 6902K, committed 7168K, reserved 1048576K
}
Event: 8.221 GC heap after
{Heap after GC invocations=25 (full 0):
 garbage-first heap   total 178176K, used 98825K [0x00000000c0000000, 0x0000000100000000)
  region size 1024K, 4 young (4096K), 4 survivors (4096K)
 Metaspace       used 57068K, committed 57536K, reserved 1114112K
  class space    used 6902K, committed 7168K, reserved 1048576K
}
Event: 8.244 GC heap before
{Heap before GC invocations=25 (full 0):
 garbage-first heap   total 178176K, used 137737K [0x00000000c0000000, 0x0000000100000000)
  region size 1024K, 43 young (44032K), 4 survivors (4096K)
 Metaspace       used 57182K, committed 57664K, reserved 1114112K
  class space    used 6917K, committed 7168K, reserved 1048576K
}
Event: 8.248 GC heap after
{Heap after GC invocations=26 (full 0):
 garbage-first heap   total 392192K, used 100788K [0x00000000c0000000, 0x0000000100000000)
  region size 1024K, 4 young (4096K), 4 survivors (4096K)
 Metaspace       used 57182K, committed 57664K, reserved 1114112K
  class space    used 6917K, committed 7168K, reserved 1048576K
}
Event: 8.455 GC heap before
{Heap before GC invocations=27 (full 0):
 garbage-first heap   total 392192K, used 290228K [0x00000000c0000000, 0x0000000100000000)
  region size 1024K, 191 young (195584K), 4 survivors (4096K)
 Metaspace       used 57665K, committed 58112K, reserved 1114112K
  class space    used 6987K, committed 7232K, reserved 1048576K
}
Event: 8.480 GC heap after
{Heap after GC invocations=28 (full 0):
 garbage-first heap   total 392192K, used 106945K [0x00000000c0000000, 0x0000000100000000)
  region size 1024K, 11 young (11264K), 11 survivors (11264K)
 Metaspace       used 57665K, committed 58112K, reserved 1114112K
  class space    used 6987K, committed 7232K, reserved 1048576K
}
Event: 8.484 GC heap before
{Heap before GC invocations=28 (full 0):
 garbage-first heap   total 392192K, used 114113K [0x00000000c0000000, 0x0000000100000000)
  region size 1024K, 19 young (19456K), 11 survivors (11264K)
 Metaspace       used 57665K, committed 58112K, reserved 1114112K
  class space    used 6987K, committed 7232K, reserved 1048576K
}
Event: 8.502 GC heap after
{Heap after GC invocations=29 (full 0):
 garbage-first heap   total 392192K, used 107847K [0x00000000c0000000, 0x0000000100000000)
  region size 1024K, 2 young (2048K), 2 survivors (2048K)
 Metaspace       used 57665K, committed 58112K, reserved 1114112K
  class space    used 6987K, committed 7232K, reserved 1048576K
}
Event: 8.607 GC heap before
{Heap before GC invocations=29 (full 0):
 garbage-first heap   total 392192K, used 305479K [0x00000000c0000000, 0x0000000100000000)
  region size 1024K, 196 young (200704K), 2 survivors (2048K)
 Metaspace       used 57667K, committed 58112K, reserved 1114112K
  class space    used 6988K, committed 7232K, reserved 1048576K
}
Event: 8.617 GC heap after
{Heap after GC invocations=30 (full 0):
 garbage-first heap   total 392192K, used 114939K [0x00000000c0000000, 0x0000000100000000)
  region size 1024K, 9 young (9216K), 9 survivors (9216K)
 Metaspace       used 57667K, committed 58112K, reserved 1114112K
  class space    used 6988K, committed 7232K, reserved 1048576K
}
Event: 8.721 GC heap before
{Heap before GC invocations=30 (full 0):
 garbage-first heap   total 392192K, used 311547K [0x00000000c0000000, 0x0000000100000000)
  region size 1024K, 202 young (206848K), 9 survivors (9216K)
 Metaspace       used 57722K, committed 58176K, reserved 1114112K
  class space    used 6997K, committed 7232K, reserved 1048576K
}
Event: 8.894 GC heap after
{Heap after GC invocations=31 (full 0):
 garbage-first heap   total 392192K, used 123074K [0x00000000c0000000, 0x0000000100000000)
  region size 1024K, 17 young (17408K), 17 survivors (17408K)
 Metaspace       used 57722K, committed 58176K, reserved 1114112K
  class space    used 6997K, committed 7232K, reserved 1048576K
}
Event: 8.991 GC heap before
{Heap before GC invocations=31 (full 0):
 garbage-first heap   total 392192K, used 317634K [0x00000000c0000000, 0x0000000100000000)
  region size 1024K, 208 young (212992K), 17 survivors (17408K)
 Metaspace       used 57722K, committed 58176K, reserved 1114112K
  class space    used 6997K, committed 7232K, reserved 1048576K
}

