# JRE version: OpenJDK Runtime Environment Temurin-17.0.7+7 (17.0.7+7) (build 17.0.7+7)
# Java VM: OpenJDK 64-Bit Server VM Temurin-17.0.7+7 (17.0.7+7, mixed mode, emulated-client, tiered, compressed oops, compressed class ptrs, g1 gc, windows-amd64)
GC Precious Log:
 CPUs: 8 total, 8 available
 Memory: 7863M
 Large Page Support: Disabled
 NUMA Support: Disabled
 Compressed Oops: Enabled (32-bit)
 Heap Region Size: 1M
 Heap Min Capacity: 8M
 Heap Initial Capacity: 124M
 Heap Max Capacity: 1G
 Pre-touch: Disabled
 Parallel Workers: 8
 Concurrent Workers: 2
 Concurrent Refinement Workers: 8
 Periodic GC: Disabled
Heap:
 garbage-first heap   total 194560K, used 95944K [0x00000000c0000000, 0x0000000100000000)
  region size 1024K, 5 young (5120K), 5 survivors (5120K)
 Metaspace       used 50306K, committed 50816K, reserved 1114112K
  class space    used 6223K, committed 6464K, reserved 1048576K
GC Heap History (20 events):
Event: 16.842 GC heap after
{Heap after GC invocations=13 (full 0):
 garbage-first heap   total 73728K, used 36179K [0x00000000c0000000, 0x0000000100000000)
  region size 1024K, 3 young (3072K), 3 survivors (3072K)
 Metaspace       used 40576K, committed 40960K, reserved 1114112K
  class space    used 5097K, committed 5248K, reserved 1048576K
}
Event: 16.902 GC heap before
{Heap before GC invocations=13 (full 0):
 garbage-first heap   total 73728K, used 54611K [0x00000000c0000000, 0x0000000100000000)
  region size 1024K, 21 young (21504K), 3 survivors (3072K)
 Metaspace       used 40667K, committed 41088K, reserved 1114112K
  class space    used 5112K, committed 5312K, reserved 1048576K
}
Event: 16.906 GC heap after
{Heap after GC invocations=14 (full 0):
 garbage-first heap   total 73728K, used 39674K [0x00000000c0000000, 0x0000000100000000)
  region size 1024K, 3 young (3072K), 3 survivors (3072K)
 Metaspace       used 40667K, committed 41088K, reserved 1114112K
  class space    used 5112K, committed 5312K, reserved 1048576K
}
Event: 16.953 GC heap before
{Heap before GC invocations=15 (full 0):
 garbage-first heap   total 80896K, used 56058K [0x00000000c0000000, 0x0000000100000000)
  region size 1024K, 19 young (19456K), 3 survivors (3072K)
 Metaspace       used 40667K, committed 41088K, reserved 1114112K
  class space    used 5112K, committed 5312K, reserved 1048576K
}
Event: 16.956 GC heap after
{Heap after GC invocations=16 (full 0):
 garbage-first heap   total 80896K, used 42912K [0x00000000c0000000, 0x0000000100000000)
  region size 1024K, 3 young (3072K), 3 survivors (3072K)
 Metaspace       used 40667K, committed 41088K, reserved 1114112K
  class space    used 5112K, committed 5312K, reserved 1048576K
}
Event: 16.992 GC heap before
{Heap before GC invocations=16 (full 0):
 garbage-first heap   total 80896K, used 61344K [0x00000000c0000000, 0x0000000100000000)
  region size 1024K, 21 young (21504K), 3 survivors (3072K)
 Metaspace       used 40667K, committed 41088K, reserved 1114112K
  class space    used 5112K, committed 5312K, reserved 1048576K
}
Event: 16.996 GC heap after
{Heap after GC invocations=17 (full 0):
 garbage-first heap   total 80896K, used 47023K [0x00000000c0000000, 0x0000000100000000)
  region size 1024K, 3 young (3072K), 3 survivors (3072K)
 Metaspace       used 40667K, committed 41088K, reserved 1114112K
  class space    used 5112K, committed 5312K, reserved 1048576K
}
Event: 17.030 GC heap before
{Heap before GC invocations=17 (full 0):
 garbage-first heap   total 102400K, used 62383K [0x00000000c0000000, 0x0000000100000000)
  region size 1024K, 18 young (18432K), 3 survivors (3072K)
 Metaspace       used 40667K, committed 41088K, reserved 1114112K
  class space    used 5112K, committed 5312K, reserved 1048576K
}
Event: 17.038 GC heap after
{Heap after GC invocations=18 (full 0):
 garbage-first heap   total 194560K, used 53263K [0x00000000c0000000, 0x0000000100000000)
  region size 1024K, 3 young (3072K), 3 survivors (3072K)
 Metaspace       used 40667K, committed 41088K, reserved 1114112K
  class space    used 5112K, committed 5312K, reserved 1048576K
}
Event: 18.724 GC heap before
{Heap before GC invocations=19 (full 0):
 garbage-first heap   total 194560K, used 132111K [0x00000000c0000000, 0x0000000100000000)
  region size 1024K, 81 young (82944K), 3 survivors (3072K)
 Metaspace       used 49951K, committed 50432K, reserved 1114112K
  class space    used 6185K, committed 6400K, reserved 1048576K
}
Event: 18.736 GC heap after
{Heap after GC invocations=20 (full 0):
 garbage-first heap   total 194560K, used 66055K [0x00000000c0000000, 0x0000000100000000)
  region size 1024K, 11 young (11264K), 11 survivors (11264K)
 Metaspace       used 49951K, committed 50432K, reserved 1114112K
  class space    used 6185K, committed 6400K, reserved 1048576K
}
Event: 18.740 GC heap before
{Heap before GC invocations=20 (full 0):
 garbage-first heap   total 194560K, used 67079K [0x00000000c0000000, 0x0000000100000000)
  region size 1024K, 12 young (12288K), 11 survivors (11264K)
 Metaspace       used 49974K, committed 50432K, reserved 1114112K
  class space    used 6187K, committed 6400K, reserved 1048576K
}
Event: 18.745 GC heap after
{Heap after GC invocations=21 (full 0):
 garbage-first heap   total 194560K, used 67613K [0x00000000c0000000, 0x0000000100000000)
  region size 1024K, 2 young (2048K), 2 survivors (2048K)
 Metaspace       used 49974K, committed 50432K, reserved 1114112K
  class space    used 6187K, committed 6400K, reserved 1048576K
}
Event: 18.872 GC heap before
{Heap before GC invocations=21 (full 0):
 garbage-first heap   total 194560K, used 137245K [0x00000000c0000000, 0x0000000100000000)
  region size 1024K, 68 young (69632K), 2 survivors (2048K)
 Metaspace       used 50226K, committed 50688K, reserved 1114112K
  class space    used 6218K, committed 6464K, reserved 1048576K
}
Event: 18.897 GC heap after
{Heap after GC invocations=22 (full 0):
 garbage-first heap   total 194560K, used 87907K [0x00000000c0000000, 0x0000000100000000)
  region size 1024K, 9 young (9216K), 9 survivors (9216K)
 Metaspace       used 50226K, committed 50688K, reserved 1114112K
  class space    used 6218K, committed 6464K, reserved 1048576K
}
Event: 18.918 GC heap before
{Heap before GC invocations=22 (full 0):
 garbage-first heap   total 194560K, used 141155K [0x00000000c0000000, 0x0000000100000000)
  region size 1024K, 62 young (63488K), 9 survivors (9216K)
 Metaspace       used 50306K, committed 50816K, reserved 1114112K
  class space    used 6223K, committed 6464K, reserved 1048576K
}
Event: 18.923 GC heap after
{Heap after GC invocations=23 (full 0):
 garbage-first heap   total 194560K, used 91734K [0x00000000c0000000, 0x0000000100000000)
  region size 1024K, 4 young (4096K), 4 survivors (4096K)
 Metaspace       used 50306K, committed 50816K, reserved 1114112K
  class space    used 6223K, committed 6464K, reserved 1048576K
}
Event: 18.942 GC heap before
{Heap before GC invocations=23 (full 0):
 garbage-first heap   total 194560K, used 147030K [0x00000000c0000000, 0x0000000100000000)
  region size 1024K, 59 young (60416K), 4 survivors (4096K)
 Metaspace       used 50306K, committed 50816K, reserved 1114112K
  class space    used 6223K, committed 6464K, reserved 1048576K
}
Event: 18.946 GC heap after
{Heap after GC invocations=24 (full 0):
 garbage-first heap   total 194560K, used 93365K [0x00000000c0000000, 0x0000000100000000)
  region size 1024K, 5 young (5120K), 5 survivors (5120K)
 Metaspace       used 50306K, committed 50816K, reserved 1114112K
  class space    used 6223K, committed 6464K, reserved 1048576K
}
Event: 18.986 GC heap before
{Heap before GC invocations=24 (full 0):
 garbage-first heap   total 194560K, used 150709K [0x00000000c0000000, 0x0000000100000000)
  region size 1024K, 62 young (63488K), 5 survivors (5120K)
 Metaspace       used 50306K, committed 50816K, reserved 1114112K
  class space    used 6223K, committed 6464K, reserved 1048576K
}

