# JRE version: OpenJDK Runtime Environment Temurin-17.0.7+7 (17.0.7+7) (build 17.0.7+7)
# Java VM: OpenJDK 64-Bit Server VM Temurin-17.0.7+7 (17.0.7+7, mixed mode, emulated-client, tiered, compressed oops, compressed class ptrs, g1 gc, windows-amd64)
GC Precious Log:
 CPUs: 8 total, 8 available
 Memory: 7863M
 Large Page Support: Disabled
 NUMA Support: Disabled
 Compressed Oops: Enabled (32-bit)
 Heap Region Size: 1M
 Heap Min Capacity: 8M
 Heap Initial Capacity: 124M
 Heap Max Capacity: 1G
 Pre-touch: Disabled
 Parallel Workers: 8
 Concurrent Workers: 2
 Concurrent Refinement Workers: 8
 Periodic GC: Disabled
Heap:
 garbage-first heap   total 382976K, used 160457K [0x00000000c0000000, 0x0000000100000000)
  region size 1024K, 22 young (22528K), 22 survivors (22528K)
 Metaspace       used 51253K, committed 51776K, reserved 1114112K
  class space    used 6377K, committed 6656K, reserved 1048576K
GC Heap History (20 events):
Event: 48.121 GC heap after
{Heap after GC invocations=36 (full 0):
 garbage-first heap   total 264192K, used 93617K [0x00000000c0000000, 0x0000000100000000)
  region size 1024K, 8 young (8192K), 8 survivors (8192K)
 Metaspace       used 50224K, committed 50688K, reserved 1114112K
  class space    used 6239K, committed 6464K, reserved 1048576K
}
Event: 48.297 GC heap before
{Heap before GC invocations=36 (full 0):
 garbage-first heap   total 264192K, used 189873K [0x00000000c0000000, 0x0000000100000000)
  region size 1024K, 103 young (105472K), 8 survivors (8192K)
 Metaspace       used 50315K, committed 50816K, reserved 1114112K
  class space    used 6248K, committed 6464K, reserved 1048576K
}
Event: 48.302 GC heap after
{Heap after GC invocations=37 (full 0):
 garbage-first heap   total 264192K, used 97736K [0x00000000c0000000, 0x0000000100000000)
  region size 1024K, 8 young (8192K), 8 survivors (8192K)
 Metaspace       used 50315K, committed 50816K, reserved 1114112K
  class space    used 6248K, committed 6464K, reserved 1048576K
}
Event: 48.383 GC heap before
{Heap before GC invocations=37 (full 0):
 garbage-first heap   total 264192K, used 208328K [0x00000000c0000000, 0x0000000100000000)
  region size 1024K, 117 young (119808K), 8 survivors (8192K)
 Metaspace       used 50378K, committed 50816K, reserved 1114112K
  class space    used 6255K, committed 6464K, reserved 1048576K
}
Event: 48.393 GC heap after
{Heap after GC invocations=38 (full 0):
 garbage-first heap   total 264192K, used 102029K [0x00000000c0000000, 0x0000000100000000)
  region size 1024K, 12 young (12288K), 12 survivors (12288K)
 Metaspace       used 50378K, committed 50816K, reserved 1114112K
  class space    used 6255K, committed 6464K, reserved 1048576K
}
Event: 48.453 GC heap before
{Heap before GC invocations=38 (full 0):
 garbage-first heap   total 264192K, used 211597K [0x00000000c0000000, 0x0000000100000000)
  region size 1024K, 120 young (122880K), 12 survivors (12288K)
 Metaspace       used 50378K, committed 50816K, reserved 1114112K
  class space    used 6255K, committed 6464K, reserved 1048576K
}
Event: 48.460 GC heap after
{Heap after GC invocations=39 (full 0):
 garbage-first heap   total 264192K, used 107259K [0x00000000c0000000, 0x0000000100000000)
  region size 1024K, 10 young (10240K), 10 survivors (10240K)
 Metaspace       used 50378K, committed 50816K, reserved 1114112K
  class space    used 6255K, committed 6464K, reserved 1048576K
}
Event: 48.512 GC heap before
{Heap before GC invocations=39 (full 0):
 garbage-first heap   total 264192K, used 215803K [0x00000000c0000000, 0x0000000100000000)
  region size 1024K, 117 young (119808K), 10 survivors (10240K)
 Metaspace       used 50379K, committed 50816K, reserved 1114112K
  class space    used 6255K, committed 6464K, reserved 1048576K
}
Event: 48.519 GC heap after
{Heap after GC invocations=40 (full 0):
 garbage-first heap   total 264192K, used 111736K [0x00000000c0000000, 0x0000000100000000)
  region size 1024K, 10 young (10240K), 10 survivors (10240K)
 Metaspace       used 50379K, committed 50816K, reserved 1114112K
  class space    used 6255K, committed 6464K, reserved 1048576K
}
Event: 48.574 GC heap before
{Heap before GC invocations=40 (full 0):
 garbage-first heap   total 264192K, used 218232K [0x00000000c0000000, 0x0000000100000000)
  region size 1024K, 115 young (117760K), 10 survivors (10240K)
 Metaspace       used 50403K, committed 50880K, reserved 1114112K
  class space    used 6261K, committed 6464K, reserved 1048576K
}
Event: 48.582 GC heap after
{Heap after GC invocations=41 (full 0):
 garbage-first heap   total 382976K, used 115404K [0x00000000c0000000, 0x0000000100000000)
  region size 1024K, 9 young (9216K), 9 survivors (9216K)
 Metaspace       used 50403K, committed 50880K, reserved 1114112K
  class space    used 6261K, committed 6464K, reserved 1048576K
}
Event: 48.722 GC heap before
{Heap before GC invocations=41 (full 0):
 garbage-first heap   total 382976K, used 302796K [0x00000000c0000000, 0x0000000100000000)
  region size 1024K, 193 young (197632K), 9 survivors (9216K)
 Metaspace       used 50517K, committed 50944K, reserved 1114112K
  class space    used 6277K, committed 6464K, reserved 1048576K
}
Event: 48.730 GC heap after
{Heap after GC invocations=42 (full 0):
 garbage-first heap   total 382976K, used 124163K [0x00000000c0000000, 0x0000000100000000)
  region size 1024K, 18 young (18432K), 18 survivors (18432K)
 Metaspace       used 50517K, committed 50944K, reserved 1114112K
  class space    used 6277K, committed 6464K, reserved 1048576K
}
Event: 48.813 GC heap before
{Heap before GC invocations=42 (full 0):
 garbage-first heap   total 382976K, used 311555K [0x00000000c0000000, 0x0000000100000000)
  region size 1024K, 202 young (206848K), 18 survivors (18432K)
 Metaspace       used 50624K, committed 51136K, reserved 1114112K
  class space    used 6290K, committed 6528K, reserved 1048576K
}
Event: 48.821 GC heap after
{Heap after GC invocations=43 (full 0):
 garbage-first heap   total 382976K, used 130882K [0x00000000c0000000, 0x0000000100000000)
  region size 1024K, 20 young (20480K), 20 survivors (20480K)
 Metaspace       used 50624K, committed 51136K, reserved 1114112K
  class space    used 6290K, committed 6528K, reserved 1048576K
}
Event: 48.904 GC heap before
{Heap before GC invocations=43 (full 0):
 garbage-first heap   total 382976K, used 316226K [0x00000000c0000000, 0x0000000100000000)
  region size 1024K, 202 young (206848K), 20 survivors (20480K)
 Metaspace       used 50882K, committed 51392K, reserved 1114112K
  class space    used 6329K, committed 6592K, reserved 1048576K
}
Event: 48.913 GC heap after
{Heap after GC invocations=44 (full 0):
 garbage-first heap   total 382976K, used 138911K [0x00000000c0000000, 0x0000000100000000)
  region size 1024K, 16 young (16384K), 16 survivors (16384K)
 Metaspace       used 50882K, committed 51392K, reserved 1114112K
  class space    used 6329K, committed 6592K, reserved 1048576K
}
Event: 49.012 GC heap before
{Heap before GC invocations=44 (full 0):
 garbage-first heap   total 382976K, used 318111K [0x00000000c0000000, 0x0000000100000000)
  region size 1024K, 192 young (196608K), 16 survivors (16384K)
 Metaspace       used 51253K, committed 51776K, reserved 1114112K
  class space    used 6377K, committed 6656K, reserved 1048576K
}
Event: 49.020 GC heap after
{Heap after GC invocations=45 (full 0):
 garbage-first heap   total 382976K, used 146738K [0x00000000c0000000, 0x0000000100000000)
  region size 1024K, 17 young (17408K), 17 survivors (17408K)
 Metaspace       used 51253K, committed 51776K, reserved 1114112K
  class space    used 6377K, committed 6656K, reserved 1048576K
}
Event: 49.099 GC heap before
{Heap before GC invocations=45 (full 0):
 garbage-first heap   total 382976K, used 320818K [0x00000000c0000000, 0x0000000100000000)
  region size 1024K, 188 young (192512K), 17 survivors (17408K)
 Metaspace       used 51253K, committed 51776K, reserved 1114112K
  class space    used 6377K, committed 6656K, reserved 1048576K
}

