# JRE version: OpenJDK Runtime Environment Temurin-17.0.7+7 (17.0.7+7) (build 17.0.7+7)
# Java VM: OpenJDK 64-Bit Server VM Temurin-17.0.7+7 (17.0.7+7, mixed mode, emulated-client, tiered, compressed oops, compressed class ptrs, g1 gc, windows-amd64)
GC Precious Log:
 CPUs: 8 total, 8 available
 Memory: 7863M
 Large Page Support: Disabled
 NUMA Support: Disabled
 Compressed Oops: Enabled (32-bit)
 Heap Region Size: 1M
 Heap Min Capacity: 8M
 Heap Initial Capacity: 124M
 Heap Max Capacity: 1G
 Pre-touch: Disabled
 Parallel Workers: 8
 Concurrent Workers: 2
 Concurrent Refinement Workers: 8
 Periodic GC: Disabled
Heap:
 garbage-first heap   total 153600K, used 45848K [0x00000000c0000000, 0x0000000100000000)
  region size 1024K, 1 young (1024K), 0 survivors (0K)
 Metaspace       used 68457K, committed 68928K, reserved 1114112K
  class space    used 8958K, committed 9152K, reserved 1048576K
GC Heap History (20 events):
Event: 764268.039 GC heap before
{Heap before GC invocations=18554 (full 18491):
 garbage-first heap   total 153600K, used 45848K [0x00000000c0000000, 0x0000000100000000)
  region size 1024K, 1 young (1024K), 0 survivors (0K)
 Metaspace       used 68457K, committed 68928K, reserved 1114112K
  class space    used 8958K, committed 9152K, reserved 1048576K
}
Event: 764268.252 GC heap after
{Heap after GC invocations=18555 (full 18492):
 garbage-first heap   total 153600K, used 45848K [0x00000000c0000000, 0x0000000100000000)
  region size 1024K, 0 young (0K), 0 survivors (0K)
 Metaspace       used 68457K, committed 68928K, reserved 1114112K
  class space    used 8958K, committed 9152K, reserved 1048576K
}
Event: 764278.713 GC heap before
{Heap before GC invocations=18555 (full 18492):
 garbage-first heap   total 153600K, used 45848K [0x00000000c0000000, 0x0000000100000000)
  region size 1024K, 1 young (1024K), 0 survivors (0K)
 Metaspace       used 68457K, committed 68928K, reserved 1114112K
  class space    used 8958K, committed 9152K, reserved 1048576K
}
Event: 764278.827 GC heap after
{Heap after GC invocations=18556 (full 18493):
 garbage-first heap   total 153600K, used 45848K [0x00000000c0000000, 0x0000000100000000)
  region size 1024K, 0 young (0K), 0 survivors (0K)
 Metaspace       used 68457K, committed 68928K, reserved 1114112K
  class space    used 8958K, committed 9152K, reserved 1048576K
}
Event: 764363.441 GC heap before
{Heap before GC invocations=18556 (full 18493):
 garbage-first heap   total 153600K, used 45848K [0x00000000c0000000, 0x0000000100000000)
  region size 1024K, 1 young (1024K), 0 survivors (0K)
 Metaspace       used 68457K, committed 68928K, reserved 1114112K
  class space    used 8958K, committed 9152K, reserved 1048576K
}
Event: 764363.786 GC heap after
{Heap after GC invocations=18557 (full 18494):
 garbage-first heap   total 153600K, used 45848K [0x00000000c0000000, 0x0000000100000000)
  region size 1024K, 0 young (0K), 0 survivors (0K)
 Metaspace       used 68457K, committed 68928K, reserved 1114112K
  class space    used 8958K, committed 9152K, reserved 1048576K
}
Event: 764374.142 GC heap before
{Heap before GC invocations=18557 (full 18494):
 garbage-first heap   total 153600K, used 45848K [0x00000000c0000000, 0x0000000100000000)
  region size 1024K, 1 young (1024K), 0 survivors (0K)
 Metaspace       used 68457K, committed 68928K, reserved 1114112K
  class space    used 8958K, committed 9152K, reserved 1048576K
}
Event: 764374.322 GC heap after
{Heap after GC invocations=18558 (full 18495):
 garbage-first heap   total 153600K, used 45848K [0x00000000c0000000, 0x0000000100000000)
  region size 1024K, 0 young (0K), 0 survivors (0K)
 Metaspace       used 68457K, committed 68928K, reserved 1114112K
  class space    used 8958K, committed 9152K, reserved 1048576K
}
Event: 764384.599 GC heap before
{Heap before GC invocations=18558 (full 18495):
 garbage-first heap   total 153600K, used 45848K [0x00000000c0000000, 0x0000000100000000)
  region size 1024K, 1 young (1024K), 0 survivors (0K)
 Metaspace       used 68457K, committed 68928K, reserved 1114112K
  class space    used 8958K, committed 9152K, reserved 1048576K
}
Event: 764384.655 GC heap after
{Heap after GC invocations=18559 (full 18496):
 garbage-first heap   total 153600K, used 45848K [0x00000000c0000000, 0x0000000100000000)
  region size 1024K, 0 young (0K), 0 survivors (0K)
 Metaspace       used 68457K, committed 68928K, reserved 1114112K
  class space    used 8958K, committed 9152K, reserved 1048576K
}
Event: 764395.019 GC heap before
{Heap before GC invocations=18559 (full 18496):
 garbage-first heap   total 153600K, used 45848K [0x00000000c0000000, 0x0000000100000000)
  region size 1024K, 1 young (1024K), 0 survivors (0K)
 Metaspace       used 68457K, committed 68928K, reserved 1114112K
  class space    used 8958K, committed 9152K, reserved 1048576K
}
Event: 764395.077 GC heap after
{Heap after GC invocations=18560 (full 18497):
 garbage-first heap   total 153600K, used 45848K [0x00000000c0000000, 0x0000000100000000)
  region size 1024K, 0 young (0K), 0 survivors (0K)
 Metaspace       used 68457K, committed 68928K, reserved 1114112K
  class space    used 8958K, committed 9152K, reserved 1048576K
}
Event: 764405.375 GC heap before
{Heap before GC invocations=18560 (full 18497):
 garbage-first heap   total 153600K, used 45848K [0x00000000c0000000, 0x0000000100000000)
  region size 1024K, 1 young (1024K), 0 survivors (0K)
 Metaspace       used 68457K, committed 68928K, reserved 1114112K
  class space    used 8958K, committed 9152K, reserved 1048576K
}
Event: 764405.467 GC heap after
{Heap after GC invocations=18561 (full 18498):
 garbage-first heap   total 153600K, used 45848K [0x00000000c0000000, 0x0000000100000000)
  region size 1024K, 0 young (0K), 0 survivors (0K)
 Metaspace       used 68457K, committed 68928K, reserved 1114112K
  class space    used 8958K, committed 9152K, reserved 1048576K
}
Event: 764415.818 GC heap before
{Heap before GC invocations=18561 (full 18498):
 garbage-first heap   total 153600K, used 45848K [0x00000000c0000000, 0x0000000100000000)
  region size 1024K, 1 young (1024K), 0 survivors (0K)
 Metaspace       used 68457K, committed 68928K, reserved 1114112K
  class space    used 8958K, committed 9152K, reserved 1048576K
}
Event: 764415.867 GC heap after
{Heap after GC invocations=18562 (full 18499):
 garbage-first heap   total 153600K, used 45848K [0x00000000c0000000, 0x0000000100000000)
  region size 1024K, 0 young (0K), 0 survivors (0K)
 Metaspace       used 68457K, committed 68928K, reserved 1114112K
  class space    used 8958K, committed 9152K, reserved 1048576K
}
Event: 764426.529 GC heap before
{Heap before GC invocations=18562 (full 18499):
 garbage-first heap   total 153600K, used 45848K [0x00000000c0000000, 0x0000000100000000)
  region size 1024K, 1 young (1024K), 0 survivors (0K)
 Metaspace       used 68457K, committed 68928K, reserved 1114112K
  class space    used 8958K, committed 9152K, reserved 1048576K
}
Event: 764426.584 GC heap after
{Heap after GC invocations=18563 (full 18500):
 garbage-first heap   total 153600K, used 45848K [0x00000000c0000000, 0x0000000100000000)
  region size 1024K, 0 young (0K), 0 survivors (0K)
 Metaspace       used 68457K, committed 68928K, reserved 1114112K
  class space    used 8958K, committed 9152K, reserved 1048576K
}
Event: 764437.318 GC heap before
{Heap before GC invocations=18563 (full 18500):
 garbage-first heap   total 153600K, used 45848K [0x00000000c0000000, 0x0000000100000000)
  region size 1024K, 1 young (1024K), 0 survivors (0K)
 Metaspace       used 68457K, committed 68928K, reserved 1114112K
  class space    used 8958K, committed 9152K, reserved 1048576K
}
Event: 764437.659 GC heap after
{Heap after GC invocations=18564 (full 18501):
 garbage-first heap   total 153600K, used 45848K [0x00000000c0000000, 0x0000000100000000)
  region size 1024K, 0 young (0K), 0 survivors (0K)
 Metaspace       used 68457K, committed 68928K, reserved 1114112K
  class space    used 8958K, committed 9152K, reserved 1048576K
}

